

Processing Rails::InfoController#properties (for 127.0.0.1 at 2009-08-18 12:11:40) [GET]


Processing Rails::InfoController#properties (for 127.0.0.1 at 2009-08-18 12:11:41) [GET]


Mysql::Error (Access denied for user 'root'@'localhost' (using password: NO)):
    c:/ruby/lib/ruby/gems/1.8/gems/activerecord-2.2.2/lib/active_record/connection_adapters/mysql_adapter.rb:548:in `real_connect'
    c:/ruby/lib/ruby/gems/1.8/gems/activerecord-2.2.2/lib/active_record/connection_adapters/mysql_adapter.rb:548:in `connect'
    c:/ruby/lib/ruby/gems/1.8/gems/activerecord-2.2.2/lib/active_record/connection_adapters/mysql_adapter.rb:198:in `initialize'
    c:/ruby/lib/ruby/gems/1.8/gems/activerecord-2.2.2/lib/active_record/connection_adapters/mysql_adapter.rb:74:in `new'
    c:/ruby/lib/ruby/gems/1.8/gems/activerecord-2.2.2/lib/active_record/connection_adapters/mysql_adapter.rb:74:in `mysql_connection'
    c:/ruby/lib/ruby/gems/1.8/gems/activerecord-2.2.2/lib/active_record/connection_adapters/abstract/connection_pool.rb:223:in `send'
    c:/ruby/lib/ruby/gems/1.8/gems/activerecord-2.2.2/lib/active_record/connection_adapters/abstract/connection_pool.rb:223:in `new_connection'
    c:/ruby/lib/ruby/gems/1.8/gems/activerecord-2.2.2/lib/active_record/connection_adapters/abstract/connection_pool.rb:245:in `checkout_new_connection'
    c:/ruby/lib/ruby/gems/1.8/gems/activerecord-2.2.2/lib/active_record/connection_adapters/abstract/connection_pool.rb:188:in `checkout'
    c:/ruby/lib/ruby/gems/1.8/gems/activerecord-2.2.2/lib/active_record/connection_adapters/abstract/connection_pool.rb:184:in `loop'
    c:/ruby/lib/ruby/gems/1.8/gems/activerecord-2.2.2/lib/active_record/connection_adapters/abstract/connection_pool.rb:184:in `checkout'
    c:/ruby/lib/ruby/1.8/monitor.rb:242:in `synchronize'
    c:/ruby/lib/ruby/gems/1.8/gems/activerecord-2.2.2/lib/active_record/connection_adapters/abstract/connection_pool.rb:183:in `checkout'
    c:/ruby/lib/ruby/gems/1.8/gems/activerecord-2.2.2/lib/active_record/connection_adapters/abstract/connection_pool.rb:98:in `connection'
    c:/ruby/lib/ruby/gems/1.8/gems/activerecord-2.2.2/lib/active_record/connection_adapters/abstract/connection_pool.rb:326:in `retrieve_connection'
    c:/ruby/lib/ruby/gems/1.8/gems/activerecord-2.2.2/lib/active_record/connection_adapters/abstract/connection_specification.rb:121:in `retrieve_connection'
    c:/ruby/lib/ruby/gems/1.8/gems/activerecord-2.2.2/lib/active_record/connection_adapters/abstract/connection_specification.rb:113:in `connection'
    c:/ruby/lib/ruby/gems/1.8/gems/activerecord-2.2.2/lib/active_record/query_cache.rb:8:in `cache'
    c:/ruby/lib/ruby/gems/1.8/gems/actionpack-2.2.2/lib/action_controller/caching/sql_cache.rb:12:in `perform_action'
    c:/ruby/lib/ruby/gems/1.8/gems/actionpack-2.2.2/lib/action_controller/base.rb:524:in `send'
    c:/ruby/lib/ruby/gems/1.8/gems/actionpack-2.2.2/lib/action_controller/base.rb:524:in `process_without_filters'
    c:/ruby/lib/ruby/gems/1.8/gems/actionpack-2.2.2/lib/action_controller/filters.rb:606:in `process_without_session_management_support'
    c:/ruby/lib/ruby/gems/1.8/gems/actionpack-2.2.2/lib/action_controller/session_management.rb:134:in `process'
    c:/ruby/lib/ruby/gems/1.8/gems/actionpack-2.2.2/lib/action_controller/base.rb:392:in `process'
    c:/ruby/lib/ruby/gems/1.8/gems/actionpack-2.2.2/lib/action_controller/dispatcher.rb:183:in `handle_request'
    c:/ruby/lib/ruby/gems/1.8/gems/actionpack-2.2.2/lib/action_controller/dispatcher.rb:110:in `dispatch_unlocked'
    c:/ruby/lib/ruby/gems/1.8/gems/actionpack-2.2.2/lib/action_controller/dispatcher.rb:123:in `dispatch'
    c:/ruby/lib/ruby/gems/1.8/gems/actionpack-2.2.2/lib/action_controller/dispatcher.rb:122:in `synchronize'
    c:/ruby/lib/ruby/gems/1.8/gems/actionpack-2.2.2/lib/action_controller/dispatcher.rb:122:in `dispatch'
    c:/ruby/lib/ruby/gems/1.8/gems/actionpack-2.2.2/lib/action_controller/dispatcher.rb:132:in `dispatch_cgi'
    c:/ruby/lib/ruby/gems/1.8/gems/actionpack-2.2.2/lib/action_controller/dispatcher.rb:39:in `dispatch'
    c:/ruby/lib/ruby/gems/1.8/gems/rails-2.2.2/lib/webrick_server.rb:103:in `handle_dispatch'
    c:/ruby/lib/ruby/gems/1.8/gems/rails-2.2.2/lib/webrick_server.rb:74:in `service'
    c:/ruby/lib/ruby/1.8/webrick/httpserver.rb:104:in `service'
    c:/ruby/lib/ruby/1.8/webrick/httpserver.rb:65:in `run'
    c:/ruby/lib/ruby/1.8/webrick/server.rb:173:in `start_thread'
    c:/ruby/lib/ruby/1.8/webrick/server.rb:162:in `start'
    c:/ruby/lib/ruby/1.8/webrick/server.rb:162:in `start_thread'
    c:/ruby/lib/ruby/1.8/webrick/server.rb:95:in `start'
    c:/ruby/lib/ruby/1.8/webrick/server.rb:92:in `each'
    c:/ruby/lib/ruby/1.8/webrick/server.rb:92:in `start'
    c:/ruby/lib/ruby/1.8/webrick/server.rb:23:in `start'
    c:/ruby/lib/ruby/1.8/webrick/server.rb:82:in `start'
    c:/ruby/lib/ruby/gems/1.8/gems/rails-2.2.2/lib/webrick_server.rb:60:in `dispatch'
    c:/ruby/lib/ruby/gems/1.8/gems/rails-2.2.2/lib/commands/servers/webrick.rb:66
    c:/ruby/lib/ruby/site_ruby/1.8/rubygems/custom_require.rb:31:in `gem_original_require'
    c:/ruby/lib/ruby/site_ruby/1.8/rubygems/custom_require.rb:31:in `require'
    c:/ruby/lib/ruby/gems/1.8/gems/activesupport-2.2.2/lib/active_support/dependencies.rb:153:in `require'
    c:/ruby/lib/ruby/gems/1.8/gems/activesupport-2.2.2/lib/active_support/dependencies.rb:521:in `new_constants_in'
    c:/ruby/lib/ruby/gems/1.8/gems/activesupport-2.2.2/lib/active_support/dependencies.rb:153:in `require'
    c:/ruby/lib/ruby/gems/1.8/gems/rails-2.2.2/lib/commands/server.rb:49
    c:/ruby/lib/ruby/site_ruby/1.8/rubygems/custom_require.rb:31:in `gem_original_require'
    c:/ruby/lib/ruby/site_ruby/1.8/rubygems/custom_require.rb:31:in `require'
    script/server:3

Rendered c:/ruby/lib/ruby/gems/1.8/gems/actionpack-2.2.2/lib/action_controller/templates/rescues/_trace (188.0ms)
Rendered c:/ruby/lib/ruby/gems/1.8/gems/actionpack-2.2.2/lib/action_controller/templates/rescues/_request_and_response (16.0ms)
Rendering c:/ruby/lib/ruby/gems/1.8/gems/actionpack-2.2.2/lib/action_controller/templates/rescues/layout.erb (internal_server_error)


Processing Rails::InfoController#properties (for 127.0.0.1 at 2009-08-18 12:11:41) [GET]


Processing Rails::InfoController#properties (for 127.0.0.1 at 2009-08-18 12:11:41) [GET]


Mysql::Error (Access denied for user 'root'@'localhost' (using password: NO)):
    c:/ruby/lib/ruby/gems/1.8/gems/activerecord-2.2.2/lib/active_record/connection_adapters/mysql_adapter.rb:548:in `real_connect'
    c:/ruby/lib/ruby/gems/1.8/gems/activerecord-2.2.2/lib/active_record/connection_adapters/mysql_adapter.rb:548:in `connect'
    c:/ruby/lib/ruby/gems/1.8/gems/activerecord-2.2.2/lib/active_record/connection_adapters/mysql_adapter.rb:198:in `initialize'
    c:/ruby/lib/ruby/gems/1.8/gems/activerecord-2.2.2/lib/active_record/connection_adapters/mysql_adapter.rb:74:in `new'
    c:/ruby/lib/ruby/gems/1.8/gems/activerecord-2.2.2/lib/active_record/connection_adapters/mysql_adapter.rb:74:in `mysql_connection'
    c:/ruby/lib/ruby/gems/1.8/gems/activerecord-2.2.2/lib/active_record/connection_adapters/abstract/connection_pool.rb:223:in `send'
    c:/ruby/lib/ruby/gems/1.8/gems/activerecord-2.2.2/lib/active_record/connection_adapters/abstract/connection_pool.rb:223:in `new_connection'
    c:/ruby/lib/ruby/gems/1.8/gems/activerecord-2.2.2/lib/active_record/connection_adapters/abstract/connection_pool.rb:245:in `checkout_new_connection'
    c:/ruby/lib/ruby/gems/1.8/gems/activerecord-2.2.2/lib/active_record/connection_adapters/abstract/connection_pool.rb:188:in `checkout'
    c:/ruby/lib/ruby/gems/1.8/gems/activerecord-2.2.2/lib/active_record/connection_adapters/abstract/connection_pool.rb:184:in `loop'
    c:/ruby/lib/ruby/gems/1.8/gems/activerecord-2.2.2/lib/active_record/connection_adapters/abstract/connection_pool.rb:184:in `checkout'
    c:/ruby/lib/ruby/1.8/monitor.rb:242:in `synchronize'
    c:/ruby/lib/ruby/gems/1.8/gems/activerecord-2.2.2/lib/active_record/connection_adapters/abstract/connection_pool.rb:183:in `checkout'
    c:/ruby/lib/ruby/gems/1.8/gems/activerecord-2.2.2/lib/active_record/connection_adapters/abstract/connection_pool.rb:98:in `connection'
    c:/ruby/lib/ruby/gems/1.8/gems/activerecord-2.2.2/lib/active_record/connection_adapters/abstract/connection_pool.rb:326:in `retrieve_connection'
    c:/ruby/lib/ruby/gems/1.8/gems/activerecord-2.2.2/lib/active_record/connection_adapters/abstract/connection_specification.rb:121:in `retrieve_connection'
    c:/ruby/lib/ruby/gems/1.8/gems/activerecord-2.2.2/lib/active_record/connection_adapters/abstract/connection_specification.rb:113:in `connection'
    c:/ruby/lib/ruby/gems/1.8/gems/activerecord-2.2.2/lib/active_record/query_cache.rb:8:in `cache'
    c:/ruby/lib/ruby/gems/1.8/gems/actionpack-2.2.2/lib/action_controller/caching/sql_cache.rb:12:in `perform_action'
    c:/ruby/lib/ruby/gems/1.8/gems/actionpack-2.2.2/lib/action_controller/base.rb:524:in `send'
    c:/ruby/lib/ruby/gems/1.8/gems/actionpack-2.2.2/lib/action_controller/base.rb:524:in `process_without_filters'
    c:/ruby/lib/ruby/gems/1.8/gems/actionpack-2.2.2/lib/action_controller/filters.rb:606:in `process_without_session_management_support'
    c:/ruby/lib/ruby/gems/1.8/gems/actionpack-2.2.2/lib/action_controller/session_management.rb:134:in `process'
    c:/ruby/lib/ruby/gems/1.8/gems/actionpack-2.2.2/lib/action_controller/base.rb:392:in `process'
    c:/ruby/lib/ruby/gems/1.8/gems/actionpack-2.2.2/lib/action_controller/dispatcher.rb:183:in `handle_request'
    c:/ruby/lib/ruby/gems/1.8/gems/actionpack-2.2.2/lib/action_controller/dispatcher.rb:110:in `dispatch_unlocked'
    c:/ruby/lib/ruby/gems/1.8/gems/actionpack-2.2.2/lib/action_controller/dispatcher.rb:123:in `dispatch'
    c:/ruby/lib/ruby/gems/1.8/gems/actionpack-2.2.2/lib/action_controller/dispatcher.rb:122:in `synchronize'
    c:/ruby/lib/ruby/gems/1.8/gems/actionpack-2.2.2/lib/action_controller/dispatcher.rb:122:in `dispatch'
    c:/ruby/lib/ruby/gems/1.8/gems/actionpack-2.2.2/lib/action_controller/dispatcher.rb:132:in `dispatch_cgi'
    c:/ruby/lib/ruby/gems/1.8/gems/actionpack-2.2.2/lib/action_controller/dispatcher.rb:39:in `dispatch'
    c:/ruby/lib/ruby/gems/1.8/gems/rails-2.2.2/lib/webrick_server.rb:103:in `handle_dispatch'
    c:/ruby/lib/ruby/gems/1.8/gems/rails-2.2.2/lib/webrick_server.rb:74:in `service'
    c:/ruby/lib/ruby/1.8/webrick/httpserver.rb:104:in `service'
    c:/ruby/lib/ruby/1.8/webrick/httpserver.rb:65:in `run'
    c:/ruby/lib/ruby/1.8/webrick/server.rb:173:in `start_thread'
    c:/ruby/lib/ruby/1.8/webrick/server.rb:162:in `start'
    c:/ruby/lib/ruby/1.8/webrick/server.rb:162:in `start_thread'
    c:/ruby/lib/ruby/1.8/webrick/server.rb:95:in `start'
    c:/ruby/lib/ruby/1.8/webrick/server.rb:92:in `each'
    c:/ruby/lib/ruby/1.8/webrick/server.rb:92:in `start'
    c:/ruby/lib/ruby/1.8/webrick/server.rb:23:in `start'
    c:/ruby/lib/ruby/1.8/webrick/server.rb:82:in `start'
    c:/ruby/lib/ruby/gems/1.8/gems/rails-2.2.2/lib/webrick_server.rb:60:in `dispatch'
    c:/ruby/lib/ruby/gems/1.8/gems/rails-2.2.2/lib/commands/servers/webrick.rb:66
    c:/ruby/lib/ruby/site_ruby/1.8/rubygems/custom_require.rb:31:in `gem_original_require'
    c:/ruby/lib/ruby/site_ruby/1.8/rubygems/custom_require.rb:31:in `require'
    c:/ruby/lib/ruby/gems/1.8/gems/activesupport-2.2.2/lib/active_support/dependencies.rb:153:in `require'
    c:/ruby/lib/ruby/gems/1.8/gems/activesupport-2.2.2/lib/active_support/dependencies.rb:521:in `new_constants_in'
    c:/ruby/lib/ruby/gems/1.8/gems/activesupport-2.2.2/lib/active_support/dependencies.rb:153:in `require'
    c:/ruby/lib/ruby/gems/1.8/gems/rails-2.2.2/lib/commands/server.rb:49
    c:/ruby/lib/ruby/site_ruby/1.8/rubygems/custom_require.rb:31:in `gem_original_require'
    c:/ruby/lib/ruby/site_ruby/1.8/rubygems/custom_require.rb:31:in `require'
    script/server:3

Rendered c:/ruby/lib/ruby/gems/1.8/gems/actionpack-2.2.2/lib/action_controller/templates/rescues/_trace (312.0ms)
Rendered c:/ruby/lib/ruby/gems/1.8/gems/actionpack-2.2.2/lib/action_controller/templates/rescues/_request_and_response (0.0ms)
Rendering c:/ruby/lib/ruby/gems/1.8/gems/actionpack-2.2.2/lib/action_controller/templates/rescues/layout.erb (internal_server_error)


Processing Rails::InfoController#properties (for 127.0.0.1 at 2009-08-18 12:13:27) [GET]


Processing Rails::InfoController#properties (for 127.0.0.1 at 2009-08-18 12:13:27) [GET]


Mysql::Error (Access denied for user 'root'@'localhost' (using password: NO)):
    c:/ruby/lib/ruby/gems/1.8/gems/activerecord-2.2.2/lib/active_record/connection_adapters/mysql_adapter.rb:548:in `real_connect'
    c:/ruby/lib/ruby/gems/1.8/gems/activerecord-2.2.2/lib/active_record/connection_adapters/mysql_adapter.rb:548:in `connect'
    c:/ruby/lib/ruby/gems/1.8/gems/activerecord-2.2.2/lib/active_record/connection_adapters/mysql_adapter.rb:198:in `initialize'
    c:/ruby/lib/ruby/gems/1.8/gems/activerecord-2.2.2/lib/active_record/connection_adapters/mysql_adapter.rb:74:in `new'
    c:/ruby/lib/ruby/gems/1.8/gems/activerecord-2.2.2/lib/active_record/connection_adapters/mysql_adapter.rb:74:in `mysql_connection'
    c:/ruby/lib/ruby/gems/1.8/gems/activerecord-2.2.2/lib/active_record/connection_adapters/abstract/connection_pool.rb:223:in `send'
    c:/ruby/lib/ruby/gems/1.8/gems/activerecord-2.2.2/lib/active_record/connection_adapters/abstract/connection_pool.rb:223:in `new_connection'
    c:/ruby/lib/ruby/gems/1.8/gems/activerecord-2.2.2/lib/active_record/connection_adapters/abstract/connection_pool.rb:245:in `checkout_new_connection'
    c:/ruby/lib/ruby/gems/1.8/gems/activerecord-2.2.2/lib/active_record/connection_adapters/abstract/connection_pool.rb:188:in `checkout'
    c:/ruby/lib/ruby/gems/1.8/gems/activerecord-2.2.2/lib/active_record/connection_adapters/abstract/connection_pool.rb:184:in `loop'
    c:/ruby/lib/ruby/gems/1.8/gems/activerecord-2.2.2/lib/active_record/connection_adapters/abstract/connection_pool.rb:184:in `checkout'
    c:/ruby/lib/ruby/1.8/monitor.rb:242:in `synchronize'
    c:/ruby/lib/ruby/gems/1.8/gems/activerecord-2.2.2/lib/active_record/connection_adapters/abstract/connection_pool.rb:183:in `checkout'
    c:/ruby/lib/ruby/gems/1.8/gems/activerecord-2.2.2/lib/active_record/connection_adapters/abstract/connection_pool.rb:98:in `connection'
    c:/ruby/lib/ruby/gems/1.8/gems/activerecord-2.2.2/lib/active_record/connection_adapters/abstract/connection_pool.rb:326:in `retrieve_connection'
    c:/ruby/lib/ruby/gems/1.8/gems/activerecord-2.2.2/lib/active_record/connection_adapters/abstract/connection_specification.rb:121:in `retrieve_connection'
    c:/ruby/lib/ruby/gems/1.8/gems/activerecord-2.2.2/lib/active_record/connection_adapters/abstract/connection_specification.rb:113:in `connection'
    c:/ruby/lib/ruby/gems/1.8/gems/activerecord-2.2.2/lib/active_record/query_cache.rb:8:in `cache'
    c:/ruby/lib/ruby/gems/1.8/gems/actionpack-2.2.2/lib/action_controller/caching/sql_cache.rb:12:in `perform_action'
    c:/ruby/lib/ruby/gems/1.8/gems/actionpack-2.2.2/lib/action_controller/base.rb:524:in `send'
    c:/ruby/lib/ruby/gems/1.8/gems/actionpack-2.2.2/lib/action_controller/base.rb:524:in `process_without_filters'
    c:/ruby/lib/ruby/gems/1.8/gems/actionpack-2.2.2/lib/action_controller/filters.rb:606:in `process_without_session_management_support'
    c:/ruby/lib/ruby/gems/1.8/gems/actionpack-2.2.2/lib/action_controller/session_management.rb:134:in `process'
    c:/ruby/lib/ruby/gems/1.8/gems/actionpack-2.2.2/lib/action_controller/base.rb:392:in `process'
    c:/ruby/lib/ruby/gems/1.8/gems/actionpack-2.2.2/lib/action_controller/dispatcher.rb:183:in `handle_request'
    c:/ruby/lib/ruby/gems/1.8/gems/actionpack-2.2.2/lib/action_controller/dispatcher.rb:110:in `dispatch_unlocked'
    c:/ruby/lib/ruby/gems/1.8/gems/actionpack-2.2.2/lib/action_controller/dispatcher.rb:123:in `dispatch'
    c:/ruby/lib/ruby/gems/1.8/gems/actionpack-2.2.2/lib/action_controller/dispatcher.rb:122:in `synchronize'
    c:/ruby/lib/ruby/gems/1.8/gems/actionpack-2.2.2/lib/action_controller/dispatcher.rb:122:in `dispatch'
    c:/ruby/lib/ruby/gems/1.8/gems/actionpack-2.2.2/lib/action_controller/dispatcher.rb:132:in `dispatch_cgi'
    c:/ruby/lib/ruby/gems/1.8/gems/actionpack-2.2.2/lib/action_controller/dispatcher.rb:39:in `dispatch'
    c:/ruby/lib/ruby/gems/1.8/gems/rails-2.2.2/lib/webrick_server.rb:103:in `handle_dispatch'
    c:/ruby/lib/ruby/gems/1.8/gems/rails-2.2.2/lib/webrick_server.rb:74:in `service'
    c:/ruby/lib/ruby/1.8/webrick/httpserver.rb:104:in `service'
    c:/ruby/lib/ruby/1.8/webrick/httpserver.rb:65:in `run'
    c:/ruby/lib/ruby/1.8/webrick/server.rb:173:in `start_thread'
    c:/ruby/lib/ruby/1.8/webrick/server.rb:162:in `start'
    c:/ruby/lib/ruby/1.8/webrick/server.rb:162:in `start_thread'
    c:/ruby/lib/ruby/1.8/webrick/server.rb:95:in `start'
    c:/ruby/lib/ruby/1.8/webrick/server.rb:92:in `each'
    c:/ruby/lib/ruby/1.8/webrick/server.rb:92:in `start'
    c:/ruby/lib/ruby/1.8/webrick/server.rb:23:in `start'
    c:/ruby/lib/ruby/1.8/webrick/server.rb:82:in `start'
    c:/ruby/lib/ruby/gems/1.8/gems/rails-2.2.2/lib/webrick_server.rb:60:in `dispatch'
    c:/ruby/lib/ruby/gems/1.8/gems/rails-2.2.2/lib/commands/servers/webrick.rb:66
    c:/ruby/lib/ruby/site_ruby/1.8/rubygems/custom_require.rb:31:in `gem_original_require'
    c:/ruby/lib/ruby/site_ruby/1.8/rubygems/custom_require.rb:31:in `require'
    c:/ruby/lib/ruby/gems/1.8/gems/activesupport-2.2.2/lib/active_support/dependencies.rb:153:in `require'
    c:/ruby/lib/ruby/gems/1.8/gems/activesupport-2.2.2/lib/active_support/dependencies.rb:521:in `new_constants_in'
    c:/ruby/lib/ruby/gems/1.8/gems/activesupport-2.2.2/lib/active_support/dependencies.rb:153:in `require'
    c:/ruby/lib/ruby/gems/1.8/gems/rails-2.2.2/lib/commands/server.rb:49
    c:/ruby/lib/ruby/site_ruby/1.8/rubygems/custom_require.rb:31:in `gem_original_require'
    c:/ruby/lib/ruby/site_ruby/1.8/rubygems/custom_require.rb:31:in `require'
    script/server:3

Rendered c:/ruby/lib/ruby/gems/1.8/gems/actionpack-2.2.2/lib/action_controller/templates/rescues/_trace (63.0ms)
Rendered c:/ruby/lib/ruby/gems/1.8/gems/actionpack-2.2.2/lib/action_controller/templates/rescues/_request_and_response (0.0ms)
Rendering c:/ruby/lib/ruby/gems/1.8/gems/actionpack-2.2.2/lib/action_controller/templates/rescues/layout.erb (internal_server_error)


Processing Rails::InfoController#properties (for 127.0.0.1 at 2009-08-18 12:13:47) [GET]


Processing Rails::InfoController#properties (for 127.0.0.1 at 2009-08-18 12:13:51) [GET]


Mysql::Error (Access denied for user 'db40161_20'@'127.0.0.3' (using password: YES)):
    c:/ruby/lib/ruby/gems/1.8/gems/activerecord-2.2.2/lib/active_record/connection_adapters/mysql_adapter.rb:548:in `real_connect'
    c:/ruby/lib/ruby/gems/1.8/gems/activerecord-2.2.2/lib/active_record/connection_adapters/mysql_adapter.rb:548:in `connect'
    c:/ruby/lib/ruby/gems/1.8/gems/activerecord-2.2.2/lib/active_record/connection_adapters/mysql_adapter.rb:198:in `initialize'
    c:/ruby/lib/ruby/gems/1.8/gems/activerecord-2.2.2/lib/active_record/connection_adapters/mysql_adapter.rb:74:in `new'
    c:/ruby/lib/ruby/gems/1.8/gems/activerecord-2.2.2/lib/active_record/connection_adapters/mysql_adapter.rb:74:in `mysql_connection'
    c:/ruby/lib/ruby/gems/1.8/gems/activerecord-2.2.2/lib/active_record/connection_adapters/abstract/connection_pool.rb:223:in `send'
    c:/ruby/lib/ruby/gems/1.8/gems/activerecord-2.2.2/lib/active_record/connection_adapters/abstract/connection_pool.rb:223:in `new_connection'
    c:/ruby/lib/ruby/gems/1.8/gems/activerecord-2.2.2/lib/active_record/connection_adapters/abstract/connection_pool.rb:245:in `checkout_new_connection'
    c:/ruby/lib/ruby/gems/1.8/gems/activerecord-2.2.2/lib/active_record/connection_adapters/abstract/connection_pool.rb:188:in `checkout'
    c:/ruby/lib/ruby/gems/1.8/gems/activerecord-2.2.2/lib/active_record/connection_adapters/abstract/connection_pool.rb:184:in `loop'
    c:/ruby/lib/ruby/gems/1.8/gems/activerecord-2.2.2/lib/active_record/connection_adapters/abstract/connection_pool.rb:184:in `checkout'
    c:/ruby/lib/ruby/1.8/monitor.rb:242:in `synchronize'
    c:/ruby/lib/ruby/gems/1.8/gems/activerecord-2.2.2/lib/active_record/connection_adapters/abstract/connection_pool.rb:183:in `checkout'
    c:/ruby/lib/ruby/gems/1.8/gems/activerecord-2.2.2/lib/active_record/connection_adapters/abstract/connection_pool.rb:98:in `connection'
    c:/ruby/lib/ruby/gems/1.8/gems/activerecord-2.2.2/lib/active_record/connection_adapters/abstract/connection_pool.rb:326:in `retrieve_connection'
    c:/ruby/lib/ruby/gems/1.8/gems/activerecord-2.2.2/lib/active_record/connection_adapters/abstract/connection_specification.rb:121:in `retrieve_connection'
    c:/ruby/lib/ruby/gems/1.8/gems/activerecord-2.2.2/lib/active_record/connection_adapters/abstract/connection_specification.rb:113:in `connection'
    c:/ruby/lib/ruby/gems/1.8/gems/activerecord-2.2.2/lib/active_record/query_cache.rb:8:in `cache'
    c:/ruby/lib/ruby/gems/1.8/gems/actionpack-2.2.2/lib/action_controller/caching/sql_cache.rb:12:in `perform_action'
    c:/ruby/lib/ruby/gems/1.8/gems/actionpack-2.2.2/lib/action_controller/base.rb:524:in `send'
    c:/ruby/lib/ruby/gems/1.8/gems/actionpack-2.2.2/lib/action_controller/base.rb:524:in `process_without_filters'
    c:/ruby/lib/ruby/gems/1.8/gems/actionpack-2.2.2/lib/action_controller/filters.rb:606:in `process_without_session_management_support'
    c:/ruby/lib/ruby/gems/1.8/gems/actionpack-2.2.2/lib/action_controller/session_management.rb:134:in `process'
    c:/ruby/lib/ruby/gems/1.8/gems/actionpack-2.2.2/lib/action_controller/base.rb:392:in `process'
    c:/ruby/lib/ruby/gems/1.8/gems/actionpack-2.2.2/lib/action_controller/dispatcher.rb:183:in `handle_request'
    c:/ruby/lib/ruby/gems/1.8/gems/actionpack-2.2.2/lib/action_controller/dispatcher.rb:110:in `dispatch_unlocked'
    c:/ruby/lib/ruby/gems/1.8/gems/actionpack-2.2.2/lib/action_controller/dispatcher.rb:123:in `dispatch'
    c:/ruby/lib/ruby/gems/1.8/gems/actionpack-2.2.2/lib/action_controller/dispatcher.rb:122:in `synchronize'
    c:/ruby/lib/ruby/gems/1.8/gems/actionpack-2.2.2/lib/action_controller/dispatcher.rb:122:in `dispatch'
    c:/ruby/lib/ruby/gems/1.8/gems/actionpack-2.2.2/lib/action_controller/dispatcher.rb:132:in `dispatch_cgi'
    c:/ruby/lib/ruby/gems/1.8/gems/actionpack-2.2.2/lib/action_controller/dispatcher.rb:39:in `dispatch'
    c:/ruby/lib/ruby/gems/1.8/gems/rails-2.2.2/lib/webrick_server.rb:103:in `handle_dispatch'
    c:/ruby/lib/ruby/gems/1.8/gems/rails-2.2.2/lib/webrick_server.rb:74:in `service'
    c:/ruby/lib/ruby/1.8/webrick/httpserver.rb:104:in `service'
    c:/ruby/lib/ruby/1.8/webrick/httpserver.rb:65:in `run'
    c:/ruby/lib/ruby/1.8/webrick/server.rb:173:in `start_thread'
    c:/ruby/lib/ruby/1.8/webrick/server.rb:162:in `start'
    c:/ruby/lib/ruby/1.8/webrick/server.rb:162:in `start_thread'
    c:/ruby/lib/ruby/1.8/webrick/server.rb:95:in `start'
    c:/ruby/lib/ruby/1.8/webrick/server.rb:92:in `each'
    c:/ruby/lib/ruby/1.8/webrick/server.rb:92:in `start'
    c:/ruby/lib/ruby/1.8/webrick/server.rb:23:in `start'
    c:/ruby/lib/ruby/1.8/webrick/server.rb:82:in `start'
    c:/ruby/lib/ruby/gems/1.8/gems/rails-2.2.2/lib/webrick_server.rb:60:in `dispatch'
    c:/ruby/lib/ruby/gems/1.8/gems/rails-2.2.2/lib/commands/servers/webrick.rb:66
    c:/ruby/lib/ruby/site_ruby/1.8/rubygems/custom_require.rb:31:in `gem_original_require'
    c:/ruby/lib/ruby/site_ruby/1.8/rubygems/custom_require.rb:31:in `require'
    c:/ruby/lib/ruby/gems/1.8/gems/activesupport-2.2.2/lib/active_support/dependencies.rb:153:in `require'
    c:/ruby/lib/ruby/gems/1.8/gems/activesupport-2.2.2/lib/active_support/dependencies.rb:521:in `new_constants_in'
    c:/ruby/lib/ruby/gems/1.8/gems/activesupport-2.2.2/lib/active_support/dependencies.rb:153:in `require'
    c:/ruby/lib/ruby/gems/1.8/gems/rails-2.2.2/lib/commands/server.rb:49
    c:/ruby/lib/ruby/site_ruby/1.8/rubygems/custom_require.rb:31:in `gem_original_require'
    c:/ruby/lib/ruby/site_ruby/1.8/rubygems/custom_require.rb:31:in `require'
    script/server:3

Rendered c:/ruby/lib/ruby/gems/1.8/gems/actionpack-2.2.2/lib/action_controller/templates/rescues/_trace (141.0ms)
Rendered c:/ruby/lib/ruby/gems/1.8/gems/actionpack-2.2.2/lib/action_controller/templates/rescues/_request_and_response (15.0ms)
Rendering c:/ruby/lib/ruby/gems/1.8/gems/actionpack-2.2.2/lib/action_controller/templates/rescues/layout.erb (internal_server_error)


Processing Rails::InfoController#properties (for 127.0.0.1 at 2009-08-18 12:13:52) [GET]


Processing Rails::InfoController#properties (for 127.0.0.1 at 2009-08-18 12:13:56) [GET]


Mysql::Error (Access denied for user 'db40161_20'@'127.0.0.3' (using password: YES)):
    c:/ruby/lib/ruby/gems/1.8/gems/activerecord-2.2.2/lib/active_record/connection_adapters/mysql_adapter.rb:548:in `real_connect'
    c:/ruby/lib/ruby/gems/1.8/gems/activerecord-2.2.2/lib/active_record/connection_adapters/mysql_adapter.rb:548:in `connect'
    c:/ruby/lib/ruby/gems/1.8/gems/activerecord-2.2.2/lib/active_record/connection_adapters/mysql_adapter.rb:198:in `initialize'
    c:/ruby/lib/ruby/gems/1.8/gems/activerecord-2.2.2/lib/active_record/connection_adapters/mysql_adapter.rb:74:in `new'
    c:/ruby/lib/ruby/gems/1.8/gems/activerecord-2.2.2/lib/active_record/connection_adapters/mysql_adapter.rb:74:in `mysql_connection'
    c:/ruby/lib/ruby/gems/1.8/gems/activerecord-2.2.2/lib/active_record/connection_adapters/abstract/connection_pool.rb:223:in `send'
    c:/ruby/lib/ruby/gems/1.8/gems/activerecord-2.2.2/lib/active_record/connection_adapters/abstract/connection_pool.rb:223:in `new_connection'
    c:/ruby/lib/ruby/gems/1.8/gems/activerecord-2.2.2/lib/active_record/connection_adapters/abstract/connection_pool.rb:245:in `checkout_new_connection'
    c:/ruby/lib/ruby/gems/1.8/gems/activerecord-2.2.2/lib/active_record/connection_adapters/abstract/connection_pool.rb:188:in `checkout'
    c:/ruby/lib/ruby/gems/1.8/gems/activerecord-2.2.2/lib/active_record/connection_adapters/abstract/connection_pool.rb:184:in `loop'
    c:/ruby/lib/ruby/gems/1.8/gems/activerecord-2.2.2/lib/active_record/connection_adapters/abstract/connection_pool.rb:184:in `checkout'
    c:/ruby/lib/ruby/1.8/monitor.rb:242:in `synchronize'
    c:/ruby/lib/ruby/gems/1.8/gems/activerecord-2.2.2/lib/active_record/connection_adapters/abstract/connection_pool.rb:183:in `checkout'
    c:/ruby/lib/ruby/gems/1.8/gems/activerecord-2.2.2/lib/active_record/connection_adapters/abstract/connection_pool.rb:98:in `connection'
    c:/ruby/lib/ruby/gems/1.8/gems/activerecord-2.2.2/lib/active_record/connection_adapters/abstract/connection_pool.rb:326:in `retrieve_connection'
    c:/ruby/lib/ruby/gems/1.8/gems/activerecord-2.2.2/lib/active_record/connection_adapters/abstract/connection_specification.rb:121:in `retrieve_connection'
    c:/ruby/lib/ruby/gems/1.8/gems/activerecord-2.2.2/lib/active_record/connection_adapters/abstract/connection_specification.rb:113:in `connection'
    c:/ruby/lib/ruby/gems/1.8/gems/activerecord-2.2.2/lib/active_record/query_cache.rb:8:in `cache'
    c:/ruby/lib/ruby/gems/1.8/gems/actionpack-2.2.2/lib/action_controller/caching/sql_cache.rb:12:in `perform_action'
    c:/ruby/lib/ruby/gems/1.8/gems/actionpack-2.2.2/lib/action_controller/base.rb:524:in `send'
    c:/ruby/lib/ruby/gems/1.8/gems/actionpack-2.2.2/lib/action_controller/base.rb:524:in `process_without_filters'
    c:/ruby/lib/ruby/gems/1.8/gems/actionpack-2.2.2/lib/action_controller/filters.rb:606:in `process_without_session_management_support'
    c:/ruby/lib/ruby/gems/1.8/gems/actionpack-2.2.2/lib/action_controller/session_management.rb:134:in `process'
    c:/ruby/lib/ruby/gems/1.8/gems/actionpack-2.2.2/lib/action_controller/base.rb:392:in `process'
    c:/ruby/lib/ruby/gems/1.8/gems/actionpack-2.2.2/lib/action_controller/dispatcher.rb:183:in `handle_request'
    c:/ruby/lib/ruby/gems/1.8/gems/actionpack-2.2.2/lib/action_controller/dispatcher.rb:110:in `dispatch_unlocked'
    c:/ruby/lib/ruby/gems/1.8/gems/actionpack-2.2.2/lib/action_controller/dispatcher.rb:123:in `dispatch'
    c:/ruby/lib/ruby/gems/1.8/gems/actionpack-2.2.2/lib/action_controller/dispatcher.rb:122:in `synchronize'
    c:/ruby/lib/ruby/gems/1.8/gems/actionpack-2.2.2/lib/action_controller/dispatcher.rb:122:in `dispatch'
    c:/ruby/lib/ruby/gems/1.8/gems/actionpack-2.2.2/lib/action_controller/dispatcher.rb:132:in `dispatch_cgi'
    c:/ruby/lib/ruby/gems/1.8/gems/actionpack-2.2.2/lib/action_controller/dispatcher.rb:39:in `dispatch'
    c:/ruby/lib/ruby/gems/1.8/gems/rails-2.2.2/lib/webrick_server.rb:103:in `handle_dispatch'
    c:/ruby/lib/ruby/gems/1.8/gems/rails-2.2.2/lib/webrick_server.rb:74:in `service'
    c:/ruby/lib/ruby/1.8/webrick/httpserver.rb:104:in `service'
    c:/ruby/lib/ruby/1.8/webrick/httpserver.rb:65:in `run'
    c:/ruby/lib/ruby/1.8/webrick/server.rb:173:in `start_thread'
    c:/ruby/lib/ruby/1.8/webrick/server.rb:162:in `start'
    c:/ruby/lib/ruby/1.8/webrick/server.rb:162:in `start_thread'
    c:/ruby/lib/ruby/1.8/webrick/server.rb:95:in `start'
    c:/ruby/lib/ruby/1.8/webrick/server.rb:92:in `each'
    c:/ruby/lib/ruby/1.8/webrick/server.rb:92:in `start'
    c:/ruby/lib/ruby/1.8/webrick/server.rb:23:in `start'
    c:/ruby/lib/ruby/1.8/webrick/server.rb:82:in `start'
    c:/ruby/lib/ruby/gems/1.8/gems/rails-2.2.2/lib/webrick_server.rb:60:in `dispatch'
    c:/ruby/lib/ruby/gems/1.8/gems/rails-2.2.2/lib/commands/servers/webrick.rb:66
    c:/ruby/lib/ruby/site_ruby/1.8/rubygems/custom_require.rb:31:in `gem_original_require'
    c:/ruby/lib/ruby/site_ruby/1.8/rubygems/custom_require.rb:31:in `require'
    c:/ruby/lib/ruby/gems/1.8/gems/activesupport-2.2.2/lib/active_support/dependencies.rb:153:in `require'
    c:/ruby/lib/ruby/gems/1.8/gems/activesupport-2.2.2/lib/active_support/dependencies.rb:521:in `new_constants_in'
    c:/ruby/lib/ruby/gems/1.8/gems/activesupport-2.2.2/lib/active_support/dependencies.rb:153:in `require'
    c:/ruby/lib/ruby/gems/1.8/gems/rails-2.2.2/lib/commands/server.rb:49
    c:/ruby/lib/ruby/site_ruby/1.8/rubygems/custom_require.rb:31:in `gem_original_require'
    c:/ruby/lib/ruby/site_ruby/1.8/rubygems/custom_require.rb:31:in `require'
    script/server:3

Rendered c:/ruby/lib/ruby/gems/1.8/gems/actionpack-2.2.2/lib/action_controller/templates/rescues/_trace (312.0ms)
Rendered c:/ruby/lib/ruby/gems/1.8/gems/actionpack-2.2.2/lib/action_controller/templates/rescues/_request_and_response (0.0ms)
Rendering c:/ruby/lib/ruby/gems/1.8/gems/actionpack-2.2.2/lib/action_controller/templates/rescues/layout.erb (internal_server_error)
